2019-11-21 18:39:10.424  INFO 16228 --- [restartedMain] c.c.c.ConfigServicePropertySourceLocator : Fetching config from server at: http://localhost:8888
2019-11-21 18:39:12.497  WARN 16228 --- [restartedMain] c.c.c.ConfigServicePropertySourceLocator : Could not locate PropertySource: I/O error on GET request for "http://localhost:8888/application/default": Connection refused: connect; nested exception is java.net.ConnectException: Connection refused: connect
2019-11-21 18:39:12.500  INFO 16228 --- [restartedMain] t.y.s.SpringCloudConsumerDept80          : No active profile set, falling back to default profiles: default
2019-11-21 18:39:12.510  INFO 16228 --- [restartedMain] ationConfigEmbeddedWebApplicationContext : Refreshing org.springframework.boot.context.embedded.AnnotationConfigEmbeddedWebApplicationContext@142fcf4d: startup date [Thu Nov 21 18:39:12 CST 2019]; parent: org.springframework.context.annotation.AnnotationConfigApplicationContext@1167dcc2
2019-11-21 18:39:13.195  INFO 16228 --- [restartedMain] o.s.cloud.context.scope.GenericScope     : BeanFactory id=37bbff76-e8cc-38d5-b22a-076047ffb547
2019-11-21 18:39:13.204  INFO 16228 --- [restartedMain] f.a.AutowiredAnnotationBeanPostProcessor : JSR-330 'javax.inject.Inject' annotation found and supported for autowiring
2019-11-21 18:39:13.229  INFO 16228 --- [restartedMain] trationDelegate$BeanPostProcessorChecker : Bean 'org.springframework.cloud.autoconfigure.ConfigurationPropertiesRebinderAutoConfiguration' of type [org.springframework.cloud.autoconfigure.ConfigurationPropertiesRebinderAutoConfiguration$$EnhancerBySpringCGLIB$$59213d8b] is not eligible for getting processed by all BeanPostProcessors (for example: not eligible for auto-proxying)
2019-11-21 18:39:13.343  INFO 16228 --- [restartedMain] org.eclipse.jetty.util.log               : Logging initialized @5790ms to org.eclipse.jetty.util.log.Slf4jLog
2019-11-21 18:39:13.533  INFO 16228 --- [restartedMain] e.j.JettyEmbeddedServletContainerFactory : Server initialized with port: 80
2019-11-21 18:39:13.535  INFO 16228 --- [restartedMain] org.eclipse.jetty.server.Server          : jetty-9.4.14.v20181114; built: 2018-11-14T21:20:31.478Z; git: c4550056e785fb5665914545889f21dc136ad9e6; jvm 1.8.0_211-b12
2019-11-21 18:39:13.567  INFO 16228 --- [restartedMain] o.e.j.s.h.ContextHandler.application     : Initializing Spring embedded WebApplicationContext
2019-11-21 18:39:13.568  INFO 16228 --- [restartedMain] o.s.web.context.ContextLoader            : Root WebApplicationContext: initialization completed in 1058 ms
2019-11-21 18:39:13.668  INFO 16228 --- [restartedMain] o.s.b.w.servlet.ServletRegistrationBean  : Mapping servlet: 'dispatcherServlet' to [/]
2019-11-21 18:39:13.671  INFO 16228 --- [restartedMain] o.s.b.w.servlet.FilterRegistrationBean   : Mapping filter: 'characterEncodingFilter' to: [/*]
2019-11-21 18:39:13.672  INFO 16228 --- [restartedMain] o.s.b.w.servlet.FilterRegistrationBean   : Mapping filter: 'hiddenHttpMethodFilter' to: [/*]
2019-11-21 18:39:13.672  INFO 16228 --- [restartedMain] o.s.b.w.servlet.FilterRegistrationBean   : Mapping filter: 'httpPutFormContentFilter' to: [/*]
2019-11-21 18:39:13.673  INFO 16228 --- [restartedMain] o.s.b.w.servlet.FilterRegistrationBean   : Mapping filter: 'requestContextFilter' to: [/*]
2019-11-21 18:39:13.728  INFO 16228 --- [restartedMain] org.eclipse.jetty.server.session         : DefaultSessionIdManager workerName=node0
2019-11-21 18:39:13.728  INFO 16228 --- [restartedMain] org.eclipse.jetty.server.session         : No SessionScavenger set, using defaults
2019-11-21 18:39:13.729  INFO 16228 --- [restartedMain] org.eclipse.jetty.server.session         : node0 Scavenging every 600000ms
2019-11-21 18:39:13.743  INFO 16228 --- [restartedMain] o.e.jetty.server.handler.ContextHandler  : Started o.s.b.c.e.j.JettyEmbeddedWebAppContext@1a6c2d0c{application,/,[file:///C:/Users/David/AppData/Local/Temp/jetty-docbase.8395339701158211647.80/],AVAILABLE}
2019-11-21 18:39:13.744  INFO 16228 --- [restartedMain] org.eclipse.jetty.server.Server          : Started @6191ms
2019-11-21 18:39:14.033  INFO 16228 --- [restartedMain] s.w.s.m.m.a.RequestMappingHandlerAdapter : Looking for @ControllerAdvice: org.springframework.boot.context.embedded.AnnotationConfigEmbeddedWebApplicationContext@142fcf4d: startup date [Thu Nov 21 18:39:12 CST 2019]; parent: org.springframework.context.annotation.AnnotationConfigApplicationContext@1167dcc2
2019-11-21 18:39:14.091  INFO 16228 --- [restartedMain] s.w.s.m.m.a.RequestMappingHandlerMapping : Mapped "{[/consumer/dept/add],methods=[POST]}" onto public boolean tk.yubing.springcloud.controller.DeptController_Consumer.add(tk.yubing.springcloud.entities.Dept)
2019-11-21 18:39:14.093  INFO 16228 --- [restartedMain] s.w.s.m.m.a.RequestMappingHandlerMapping : Mapped "{[/consumer/dept/get],methods=[GET]}" onto public tk.yubing.springcloud.entities.Dept tk.yubing.springcloud.controller.DeptController_Consumer.get(java.lang.Long)
2019-11-21 18:39:14.093  INFO 16228 --- [restartedMain] s.w.s.m.m.a.RequestMappingHandlerMapping : Mapped "{[/consumer/1],methods=[GET]}" onto public java.lang.Integer tk.yubing.springcloud.controller.DeptController_Consumer.get()
2019-11-21 18:39:14.093  INFO 16228 --- [restartedMain] s.w.s.m.m.a.RequestMappingHandlerMapping : Mapped "{[/consumer/dept/list],methods=[GET]}" onto public java.util.List<tk.yubing.springcloud.entities.Dept> tk.yubing.springcloud.controller.DeptController_Consumer.list()
2019-11-21 18:39:14.095  INFO 16228 --- [restartedMain] s.w.s.m.m.a.RequestMappingHandlerMapping : Mapped "{[/error]}" onto public org.springframework.http.ResponseEntity<java.util.Map<java.lang.String, java.lang.Object>> org.springframework.boot.autoconfigure.web.BasicErrorController.error(javax.servlet.http.HttpServletRequest)
2019-11-21 18:39:14.095  INFO 16228 --- [restartedMain] s.w.s.m.m.a.RequestMappingHandlerMapping : Mapped "{[/error],produces=[text/html]}" onto public org.springframework.web.servlet.ModelAndView org.springframework.boot.autoconfigure.web.BasicErrorController.errorHtml(javax.servlet.http.HttpServletRequest,javax.servlet.http.HttpServletResponse)
2019-11-21 18:39:14.122  INFO 16228 --- [restartedMain] o.s.w.s.handler.SimpleUrlHandlerMapping  : Mapped URL path [/webjars/**] onto handler of type [class org.springframework.web.servlet.resource.ResourceHttpRequestHandler]
2019-11-21 18:39:14.122  INFO 16228 --- [restartedMain] o.s.w.s.handler.SimpleUrlHandlerMapping  : Mapped URL path [/**] onto handler of type [class org.springframework.web.servlet.resource.ResourceHttpRequestHandler]
2019-11-21 18:39:14.156  INFO 16228 --- [restartedMain] o.s.w.s.handler.SimpleUrlHandlerMapping  : Mapped URL path [/**/favicon.ico] onto handler of type [class org.springframework.web.servlet.resource.ResourceHttpRequestHandler]
2019-11-21 18:39:14.347  WARN 16228 --- [restartedMain] o.s.b.d.a.OptionalLiveReloadServer       : Unable to start LiveReload server
2019-11-21 18:39:14.738  WARN 16228 --- [restartedMain] o.s.c.n.a.ArchaiusAutoConfiguration      : No spring.application.name found, defaulting to 'application'
2019-11-21 18:39:14.741  WARN 16228 --- [restartedMain] c.n.c.sources.URLConfigurationSource     : No URLs will be polled as dynamic configuration sources.
2019-11-21 18:39:14.742  INFO 16228 --- [restartedMain] c.n.c.sources.URLConfigurationSource     : To enable URLs as dynamic configuration sources, define System property archaius.configurationSource.additionalUrls or make config.properties available on classpath.
2019-11-21 18:39:14.747  WARN 16228 --- [restartedMain] c.n.c.sources.URLConfigurationSource     : No URLs will be polled as dynamic configuration sources.
2019-11-21 18:39:14.747  INFO 16228 --- [restartedMain] c.n.c.sources.URLConfigurationSource     : To enable URLs as dynamic configuration sources, define System property archaius.configurationSource.additionalUrls or make config.properties available on classpath.
2019-11-21 18:39:14.811  INFO 16228 --- [restartedMain] o.s.j.e.a.AnnotationMBeanExporter        : Registering beans for JMX exposure on startup
2019-11-21 18:39:14.820  INFO 16228 --- [restartedMain] o.s.j.e.a.AnnotationMBeanExporter        : Bean with name 'environmentManager' has been autodetected for JMX exposure
2019-11-21 18:39:14.821  INFO 16228 --- [restartedMain] o.s.j.e.a.AnnotationMBeanExporter        : Bean with name 'configurationPropertiesRebinder' has been autodetected for JMX exposure
2019-11-21 18:39:14.822  INFO 16228 --- [restartedMain] o.s.j.e.a.AnnotationMBeanExporter        : Bean with name 'refreshScope' has been autodetected for JMX exposure
2019-11-21 18:39:14.824  INFO 16228 --- [restartedMain] o.s.j.e.a.AnnotationMBeanExporter        : Located managed bean 'environmentManager': registering with JMX server as MBean [org.springframework.cloud.context.environment:name=environmentManager,type=EnvironmentManager]
2019-11-21 18:39:14.835  INFO 16228 --- [restartedMain] o.s.j.e.a.AnnotationMBeanExporter        : Located managed bean 'refreshScope': registering with JMX server as MBean [org.springframework.cloud.context.scope.refresh:name=refreshScope,type=RefreshScope]
2019-11-21 18:39:14.846  INFO 16228 --- [restartedMain] o.s.j.e.a.AnnotationMBeanExporter        : Located managed bean 'configurationPropertiesRebinder': registering with JMX server as MBean [org.springframework.cloud.context.properties:name=configurationPropertiesRebinder,context=142fcf4d,type=ConfigurationPropertiesRebinder]
2019-11-21 18:39:14.935  INFO 16228 --- [restartedMain] o.e.j.s.h.ContextHandler.application     : Initializing Spring FrameworkServlet 'dispatcherServlet'
2019-11-21 18:39:14.935  INFO 16228 --- [restartedMain] o.s.web.servlet.DispatcherServlet        : FrameworkServlet 'dispatcherServlet': initialization started
2019-11-21 18:39:14.951  INFO 16228 --- [restartedMain] o.s.web.servlet.DispatcherServlet        : FrameworkServlet 'dispatcherServlet': initialization completed in 16 ms
2019-11-21 18:39:14.981  INFO 16228 --- [restartedMain] o.e.jetty.server.AbstractConnector       : Started ServerConnector@8852719{HTTP/1.1,[http/1.1]}{0.0.0.0:80}
2019-11-21 18:39:14.984  INFO 16228 --- [restartedMain] .s.b.c.e.j.JettyEmbeddedServletContainer : Jetty started on port(s) 80 (http/1.1)
2019-11-21 18:39:14.990  INFO 16228 --- [restartedMain] t.y.s.SpringCloudConsumerDept80          : Started SpringCloudConsumerDept80 in 6.333 seconds (JVM running for 7.437)
